Base path: C:/Program Files (x86)/Unity/Editor/Data
Pipe name: \\.\pipe\UnityShaderCompiler-1-1288
Cmd: getPlatforms
Cmd: preprocess
  insize=1671 outsize=948 ok=1
Cmd: preprocess
  insize=1907 outsize=961 ok=1
Cmd: preprocess
  insize=238 outsize=238 ok=1
Cmd: preprocess
  insize=1602 outsize=535 ok=1
Cmd: preprocess
  insize=1940 outsize=918 ok=1
Cmd: preprocess
  insize=514 outsize=514 ok=1
Cmd: preprocess
  insize=1943 outsize=936 ok=1
Cmd: preprocess
  insize=464 outsize=461 ok=1
Cmd: preprocess
  insize=1541 outsize=535 ok=1
Cmd: preprocess
  insize=1984 outsize=958 ok=1
Cmd: preprocess
  insize=1914 outsize=947 ok=1
Cmd: preprocess
  insize=1907 outsize=944 ok=1
Cmd: preprocess
  insize=3042 outsize=1804 ok=1
Cmd: preprocess
  insize=1982 outsize=959 ok=1
Cmd: preprocess
  insize=2003 outsize=921 ok=1
Cmd: preprocess
  insize=279 outsize=276 ok=1
Cmd: preprocess
  insize=469 outsize=469 ok=1
Cmd: preprocess
  insize=1170 outsize=479 ok=1
Cmd: preprocess
  insize=6178 outsize=3522 ok=1
Cmd: compileSnippet
  api=1 type=0 insize=7048 outsize=1135 kw=DIRECTIONAL LIGHTMAP_OFF DIRLIGHTMAP_OFF ok=1
Cmd: compileSnippet
  api=1 type=1 insize=7048 outsize=1141 kw=DIRECTIONAL LIGHTMAP_OFF DIRLIGHTMAP_OFF ok=1
Cmd: compileSnippet
  api=1 type=0 insize=4780 outsize=955 kw=POINT ok=1
Cmd: compileSnippet
  api=1 type=1 insize=4780 outsize=1323 kw=POINT ok=1
Cmd: compileSnippet
  api=1 type=0 insize=6012 outsize=995 kw=DIRECTIONAL LIGHTMAP_OFF DIRLIGHTMAP_OFF ok=1
Cmd: compileSnippet
  api=1 type=1 insize=6012 outsize=1028 kw=DIRECTIONAL LIGHTMAP_OFF DIRLIGHTMAP_OFF ok=1
Cmd: compileSnippet
  api=1 type=0 insize=3811 outsize=806 kw=POINT ok=1
Cmd: compileSnippet
  api=1 type=1 insize=3811 outsize=1210 kw=POINT ok=1
Cmd: compileSnippet
  api=1 type=0 insize=5336 outsize=694 kw=DIRECTIONAL LIGHTMAP_OFF DIRLIGHTMAP_OFF ok=1
Cmd: compileSnippet
  api=1 type=1 insize=5336 outsize=430 kw=DIRECTIONAL LIGHTMAP_OFF DIRLIGHTMAP_OFF ok=1
Cmd: compileSnippet
  api=1 type=0 insize=2853 outsize=431 kw=POINT ok=1
Cmd: compileSnippet
  api=1 type=1 insize=2853 outsize=557 kw=POINT ok=1
Cmd: preprocess
  insize=1624 outsize=947 ok=1
Cmd: preprocess
  insize=2361 outsize=2258 ok=1
Cmd: preprocess
  insize=1315 outsize=524 ok=1
Cmd: preprocess
  insize=1772 outsize=993 ok=1
Cmd: compileSnippet
  api=1 type=0 insize=3811 outsize=648 kw=DIRECTIONAL ok=1
Cmd: compileSnippet
  api=1 type=1 insize=3811 outsize=991 kw=DIRECTIONAL ok=1
Cmd: preprocess
  insize=1671 outsize=948 ok=1
Cmd: preprocess
  insize=1907 outsize=961 ok=1
Cmd: preprocess
  insize=238 outsize=238 ok=1
Cmd: preprocess
  insize=1602 outsize=535 ok=1
Cmd: preprocess
  insize=1940 outsize=918 ok=1
Cmd: preprocess
  insize=514 outsize=514 ok=1
Cmd: preprocess
  insize=1943 outsize=936 ok=1
Cmd: preprocess
  insize=464 outsize=461 ok=1
Cmd: preprocess
  insize=1541 outsize=535 ok=1
Cmd: preprocess
  insize=1984 outsize=958 ok=1
Cmd: preprocess
  insize=1914 outsize=947 ok=1
Cmd: preprocess
  insize=1907 outsize=944 ok=1
Cmd: preprocess
  insize=3042 outsize=1804 ok=1
Cmd: preprocess
  insize=1982 outsize=959 ok=1
Cmd: preprocess
  insize=2003 outsize=921 ok=1
Cmd: preprocess
  insize=279 outsize=276 ok=1
Cmd: preprocess
  insize=469 outsize=469 ok=1
Cmd: preprocess
  insize=1170 outsize=479 ok=1
Cmd: preprocess
  insize=6178 outsize=3522 ok=1
Cmd: preprocess
  insize=1624 outsize=947 ok=1
Cmd: preprocess
  insize=2361 outsize=2258 ok=1
Cmd: preprocess
  insize=1315 outsize=524 ok=1
Cmd: preprocess
  insize=1772 outsize=993 ok=1
